<?xml version="1.0" encoding="UTF-8"?>
<!-- Generated by org.testng.reporters.JUnitXMLReporter -->
<testsuite ignored="0" hostname="LAPTOP-EETMMJVA" failures="0" tests="4" name="Test" time="129.591" errors="0" timestamp="11 Jun 2019 12:18:20 GMT">
  <testcase classname="com.Gojek.AssigmentTest.LoginTest" name="loginAndLogout" time="10.833"/>
  <testcase classname="com.Gojek.AssigmentTest.HomePageTest" name="addEarphoneToCart" time="29.698"/>
  <testcase classname="com.Gojek.AssigmentTest.HomePageTest" name="addSeondItem" time="19.99"/>
  <testcase classname="com.Gojek.AssigmentTest.HomePageTest" name="deleteItemsFromCart" time="10.451"/>
</testsuite> <!-- Test -->
