<?xml version="1.0" encoding="UTF-8"?>
<!-- Generated by org.testng.reporters.JUnitXMLReporter -->
<testsuite ignored="0" hostname="LAPTOP-EETMMJVA" failures="1" tests="5" name="Test" time="115.776" errors="0" timestamp="15 Jun 2019 06:16:33 GMT">
  <testcase classname="com.Gojek.AssigmentTest.HomePageTest" name="searchProduct" time="0.527">
    <failure type="org.testng.internal.reflect.MethodMatcherException" message="
Data provider mismatch
Method: searchProduct([])
Arguments: [(java.lang.String) Dell laptop,(java.lang.String) ,(java.lang.String) ]">
      <![CDATA[org.testng.internal.reflect.MethodMatcherException: 
Data provider mismatch
Method: searchProduct([])
Arguments: [(java.lang.String) Dell laptop,(java.lang.String) ,(java.lang.String) ]
at java.base/java.util.concurrent.ThreadPoolExecutor.runWorker(Unknown Source)
at java.base/java.util.concurrent.ThreadPoolExecutor$Worker.run(Unknown Source)
at java.base/java.lang.Thread.run(Unknown Source)
... Removed 5 stack frames]]>
    </failure>
  </testcase> <!-- searchProduct -->
  <testcase classname="com.Gojek.AssigmentTest.LoginTest" name="loginAndLogout" time="8.608"/>
  <testcase classname="com.Gojek.AssigmentTest.HomePageTest" name="addEarphoneToCart" time="19.688"/>
  <testcase classname="com.Gojek.AssigmentTest.HomePageTest" name="addSeondItem" time="16.534"/>
  <testcase classname="com.Gojek.AssigmentTest.HomePageTest" name="deleteItemsFromCart" time="7.618"/>
</testsuite> <!-- Test -->
