<?xml version="1.0" encoding="UTF-8"?>
<testng-results ignored="0" total="1" passed="1" failed="0" skipped="0">
  <reporter-output>
  </reporter-output>
  <suite started-at="2019-06-09T16:50:52Z" name="Default suite" finished-at="2019-06-09T16:51:08Z" duration-ms="16307">
    <groups>
    </groups>
    <test started-at="2019-06-09T16:50:52Z" name="Default test" finished-at="2019-06-09T16:51:08Z" duration-ms="16307">
      <class name="com.Gojek.AssigmentTest.LoginTest">
        <test-method is-config="true" signature="launchBrowser()[pri:0, instance:com.Gojek.AssigmentTest.LoginTest@60015ef5]" started-at="2019-06-09T16:50:52Z" name="launchBrowser" finished-at="2019-06-09T16:51:00Z" duration-ms="7887" status="PASS">
          <reporter-output>
          </reporter-output>
        </test-method> <!-- launchBrowser -->
        <test-method signature="loginAndLogout()[pri:0, instance:com.Gojek.AssigmentTest.LoginTest@60015ef5]" started-at="2019-06-09T16:51:00Z" name="loginAndLogout" finished-at="2019-06-09T16:51:07Z" duration-ms="7537" status="PASS">
          <reporter-output>
          </reporter-output>
        </test-method> <!-- loginAndLogout -->
        <test-method is-config="true" signature="quiteDriver()[pri:0, instance:com.Gojek.AssigmentTest.LoginTest@60015ef5]" started-at="2019-06-09T16:51:07Z" name="quiteDriver" finished-at="2019-06-09T16:51:08Z" duration-ms="827" status="PASS">
          <reporter-output>
          </reporter-output>
        </test-method> <!-- quiteDriver -->
      </class> <!-- com.Gojek.AssigmentTest.LoginTest -->
    </test> <!-- Default test -->
  </suite> <!-- Default suite -->
</testng-results>
